<?xml version="1.0" encoding="UTF-8"?>
<!-- Generated by org.testng.reporters.JUnitReportReporter -->
<testsuite hostname="DESKTOP-7SPI8FV" failures="0" tests="1" name="com.Actitime.TestScripts.Task" time="21.985" errors="0" timestamp="2023-05-11T10:56:52 IST" skipped="0">
  <testcase classname="com.Actitime.TestScripts.Task" name="createCustomer" time="21.985"/>
  <system-out/>
</testsuite> <!-- com.Actitime.TestScripts.Task -->
